<?xml version="1.0" encoding="UTF-8"?>
<!-- Generated by org.testng.reporters.JUnitReportReporter -->
<testsuite hostname="DELL" failures="0" tests="1" name="synchronisation.sect14JAVAstreams" time="0.027" errors="0" timestamp="2022-06-29T21:06:37 IST" skipped="0">
  <testcase classname="synchronisation.sect14JAVAstreams" name="regular" time="0.027"/>
  <system-out/>
</testsuite> <!-- synchronisation.sect14JAVAstreams -->
