<?xml version="1.0" encoding="UTF-8"?>
<!-- Generated by org.testng.reporters.JUnitReportReporter -->
<testsuite hostname="DELL" failures="0" tests="1" name="test.day2" time="0.005" errors="0" timestamp="2022-06-24T01:39:16 IST" skipped="0">
  <testcase classname="test.day2" name="test" time="0.005"/>
  <system-out/>
</testsuite> <!-- test.day2 -->
