<?xml version="1.0" encoding="UTF-8"?>
<!-- Generated by org.testng.reporters.JUnitReportReporter -->
<testsuite hostname="DELL" failures="0" tests="2" name="test.day3" time="0.022" errors="0" timestamp="2022-06-24T01:37:15 IST" skipped="0">
  <testcase classname="test.day3" name="WebloginCarloan" time="0.006"/>
  <system-out/>
  <testcase classname="test.day3" name="Mobilelogin" time="0.016"/>
  <system-out/>
</testsuite> <!-- test.day3 -->
